<?xml version="1.0" encoding="UTF-8"?>
<testsuite xmlns:xsi="http://www.w3.org/2001/XMLSchema-instance" xsi:noNamespaceSchemaLocation="https://maven.apache.org/surefire/maven-surefire-plugin/xsd/surefire-test-report-3.0.xsd" version="3.0" name="org.acme.getting.started.ReactiveGreetingResourceTest" time="31.529" tests="3" errors="1" skipped="2" failures="0">
  <properties>
    <property name="gopherProxySet" value="false"/>
    <property name="awt.toolkit" value="sun.lwawt.macosx.LWCToolkit"/>
    <property name="java.specification.version" value="11"/>
    <property name="sun.cpu.isalist" value=""/>
    <property name="sun.jnu.encoding" value="UTF-8"/>
    <property name="java.class.path" value="/Users/leydervera/Github/Otros Repos/QuarkusQuickStartReal/target/test-classes:/Users/leydervera/Github/Otros Repos/QuarkusQuickStartReal/target/classes:/Users/leydervera/.m2/repository/io/quarkus/quarkus-resteasy-reactive/3.3.0/quarkus-resteasy-reactive-3.3.0.jar:/Users/leydervera/.m2/repository/io/quarkus/quarkus-resteasy-reactive-common/3.3.0/quarkus-resteasy-reactive-common-3.3.0.jar:/Users/leydervera/.m2/repository/io/quarkus/resteasy/reactive/resteasy-reactive-common/3.3.0/resteasy-reactive-common-3.3.0.jar:/Users/leydervera/.m2/repository/io/quarkus/resteasy/reactive/resteasy-reactive-common-types/3.3.0/resteasy-reactive-common-types-3.3.0.jar:/Users/leydervera/.m2/repository/io/smallrye/reactive/mutiny/2.3.1/mutiny-2.3.1.jar:/Users/leydervera/.m2/repository/org/reactivestreams/reactive-streams/1.0.4/reactive-streams-1.0.4.jar:/Users/leydervera/.m2/repository/io/smallrye/reactive/mutiny-zero-flow-adapters/1.0.0/mutiny-zero-flow-adapters-1.0.0.jar:/Users/leydervera/.m2/repository/io/smallrye/common/smallrye-common-annotation/2.1.0/smallrye-common-annotation-2.1.0.jar:/Users/leydervera/.m2/repository/io/quarkus/quarkus-mutiny/3.3.0/quarkus-mutiny-3.3.0.jar:/Users/leydervera/.m2/repository/io/quarkus/quarkus-smallrye-context-propagation/3.3.0/quarkus-smallrye-context-propagation-3.3.0.jar:/Users/leydervera/.m2/repository/io/smallrye/smallrye-context-propagation/2.1.0/smallrye-context-propagation-2.1.0.jar:/Users/leydervera/.m2/repository/io/smallrye/smallrye-context-propagation-api/2.1.0/smallrye-context-propagation-api-2.1.0.jar:/Users/leydervera/.m2/repository/io/smallrye/smallrye-context-propagation-storage/2.1.0/smallrye-context-propagation-storage-2.1.0.jar:/Users/leydervera/.m2/repository/io/smallrye/reactive/mutiny-smallrye-context-propagation/2.3.1/mutiny-smallrye-context-propagation-2.3.1.jar:/Users/leydervera/.m2/repository/io/quarkus/quarkus-vertx/3.3.0/quarkus-vertx-3.3.0.jar:/Users/leydervera/.m2/repository/io/quarkus/quarkus-netty/3.3.0/quarkus-netty-3.3.0.jar:/Users/leydervera/.m2/repository/io/netty/netty-codec/4.1.94.Final/netty-codec-4.1.94.Final.jar:/Users/leydervera/.m2/repository/io/netty/netty-codec-http/4.1.94.Final/netty-codec-http-4.1.94.Final.jar:/Users/leydervera/.m2/repository/io/netty/netty-codec-http2/4.1.94.Final/netty-codec-http2-4.1.94.Final.jar:/Users/leydervera/.m2/repository/io/netty/netty-handler/4.1.94.Final/netty-handler-4.1.94.Final.jar:/Users/leydervera/.m2/repository/io/netty/netty-transport-native-unix-common/4.1.94.Final/netty-transport-native-unix-common-4.1.94.Final.jar:/Users/leydervera/.m2/repository/com/aayushatharva/brotli4j/brotli4j/1.12.0/brotli4j-1.12.0.jar:/Users/leydervera/.m2/repository/com/aayushatharva/brotli4j/service/1.12.0/service-1.12.0.jar:/Users/leydervera/.m2/repository/com/aayushatharva/brotli4j/native-osx-x86_64/1.12.0/native-osx-x86_64-1.12.0.jar:/Users/leydervera/.m2/repository/io/netty/netty-codec-haproxy/4.1.94.Final/netty-codec-haproxy-4.1.94.Final.jar:/Users/leydervera/.m2/repository/io/netty/netty-buffer/4.1.94.Final/netty-buffer-4.1.94.Final.jar:/Users/leydervera/.m2/repository/io/netty/netty-transport/4.1.94.Final/netty-transport-4.1.94.Final.jar:/Users/leydervera/.m2/repository/io/quarkus/quarkus-vertx-latebound-mdc-provider/3.3.0/quarkus-vertx-latebound-mdc-provider-3.3.0.jar:/Users/leydervera/.m2/repository/io/smallrye/smallrye-fault-tolerance-vertx/6.2.6/smallrye-fault-tolerance-vertx-6.2.6.jar:/Users/leydervera/.m2/repository/io/quarkus/resteasy/reactive/resteasy-reactive-vertx/3.3.0/resteasy-reactive-vertx-3.3.0.jar:/Users/leydervera/.m2/repository/io/vertx/vertx-web/4.4.4/vertx-web-4.4.4.jar:/Users/leydervera/.m2/repository/io/vertx/vertx-web-common/4.4.4/vertx-web-common-4.4.4.jar:/Users/leydervera/.m2/repository/io/vertx/vertx-auth-common/4.4.4/vertx-auth-common-4.4.4.jar:/Users/leydervera/.m2/repository/io/vertx/vertx-bridge-common/4.4.4/vertx-bridge-common-4.4.4.jar:/Users/leydervera/.m2/repository/io/vertx/vertx-core/4.4.4/vertx-core-4.4.4.jar:/Users/leydervera/.m2/repository/io/netty/netty-common/4.1.94.Final/netty-common-4.1.94.Final.jar:/Users/leydervera/.m2/repository/io/netty/netty-handler-proxy/4.1.94.Final/netty-handler-proxy-4.1.94.Final.jar:/Users/leydervera/.m2/repository/io/netty/netty-codec-socks/4.1.94.Final/netty-codec-socks-4.1.94.Final.jar:/Users/leydervera/.m2/repository/io/netty/netty-resolver/4.1.94.Final/netty-resolver-4.1.94.Final.jar:/Users/leydervera/.m2/repository/io/netty/netty-resolver-dns/4.1.94.Final/netty-resolver-dns-4.1.94.Final.jar:/Users/leydervera/.m2/repository/io/netty/netty-codec-dns/4.1.94.Final/netty-codec-dns-4.1.94.Final.jar:/Users/leydervera/.m2/repository/com/fasterxml/jackson/core/jackson-core/2.15.2/jackson-core-2.15.2.jar:/Users/leydervera/.m2/repository/io/smallrye/reactive/smallrye-mutiny-vertx-core/3.5.0/smallrye-mutiny-vertx-core-3.5.0.jar:/Users/leydervera/.m2/repository/io/smallrye/reactive/smallrye-mutiny-vertx-runtime/3.5.0/smallrye-mutiny-vertx-runtime-3.5.0.jar:/Users/leydervera/.m2/repository/io/smallrye/reactive/vertx-mutiny-generator/3.5.0/vertx-mutiny-generator-3.5.0.jar:/Users/leydervera/.m2/repository/io/vertx/vertx-codegen/4.4.4/vertx-codegen-4.4.4.jar:/Users/leydervera/.m2/repository/io/quarkus/resteasy/reactive/resteasy-reactive/3.3.0/resteasy-reactive-3.3.0.jar:/Users/leydervera/.m2/repository/jakarta/enterprise/jakarta.enterprise.cdi-api/4.0.1/jakarta.enterprise.cdi-api-4.0.1.jar:/Users/leydervera/.m2/repository/jakarta/enterprise/jakarta.enterprise.lang-model/4.0.1/jakarta.enterprise.lang-model-4.0.1.jar:/Users/leydervera/.m2/repository/jakarta/el/jakarta.el-api/5.0.1/jakarta.el-api-5.0.1.jar:/Users/leydervera/.m2/repository/jakarta/interceptor/jakarta.interceptor-api/2.1.0/jakarta.interceptor-api-2.1.0.jar:/Users/leydervera/.m2/repository/jakarta/ws/rs/jakarta.ws.rs-api/3.1.0/jakarta.ws.rs-api-3.1.0.jar:/Users/leydervera/.m2/repository/jakarta/annotation/jakarta.annotation-api/2.1.1/jakarta.annotation-api-2.1.1.jar:/Users/leydervera/.m2/repository/org/jboss/logging/commons-logging-jboss-logging/1.0.0.Final/commons-logging-jboss-logging-1.0.0.Final.jar:/Users/leydervera/.m2/repository/jakarta/xml/bind/jakarta.xml.bind-api/4.0.0/jakarta.xml.bind-api-4.0.0.jar:/Users/leydervera/.m2/repository/jakarta/activation/jakarta.activation-api/2.1.2/jakarta.activation-api-2.1.2.jar:/Users/leydervera/.m2/repository/org/jboss/logging/jboss-logging/3.5.1.Final/jboss-logging-3.5.1.Final.jar:/Users/leydervera/.m2/repository/io/quarkus/quarkus-vertx-http/3.3.0/quarkus-vertx-http-3.3.0.jar:/Users/leydervera/.m2/repository/io/quarkus/quarkus-security-runtime-spi/3.3.0/quarkus-security-runtime-spi-3.3.0.jar:/Users/leydervera/.m2/repository/io/quarkus/quarkus-credentials/3.3.0/quarkus-credentials-3.3.0.jar:/Users/leydervera/.m2/repository/io/quarkus/arc/arc/3.3.0/arc-3.3.0.jar:/Users/leydervera/.m2/repository/jakarta/transaction/jakarta.transaction-api/2.0.1/jakarta.transaction-api-2.0.1.jar:/Users/leydervera/.m2/repository/io/smallrye/common/smallrye-common-vertx-context/2.1.0/smallrye-common-vertx-context-2.1.0.jar:/Users/leydervera/.m2/repository/io/smallrye/common/smallrye-common-constraint/2.1.0/smallrye-common-constraint-2.1.0.jar:/Users/leydervera/.m2/repository/io/quarkus/quarkus-vertx-http-dev-console-runtime-spi/3.3.0/quarkus-vertx-http-dev-console-runtime-spi-3.3.0.jar:/Users/leydervera/.m2/repository/io/quarkus/security/quarkus-security/2.0.2.Final/quarkus-security-2.0.2.Final.jar:/Users/leydervera/.m2/repository/io/smallrye/reactive/smallrye-mutiny-vertx-web/3.5.0/smallrye-mutiny-vertx-web-3.5.0.jar:/Users/leydervera/.m2/repository/io/smallrye/reactive/smallrye-mutiny-vertx-web-common/3.5.0/smallrye-mutiny-vertx-web-common-3.5.0.jar:/Users/leydervera/.m2/repository/io/smallrye/reactive/smallrye-mutiny-vertx-auth-common/3.5.0/smallrye-mutiny-vertx-auth-common-3.5.0.jar:/Users/leydervera/.m2/repository/io/smallrye/reactive/smallrye-mutiny-vertx-bridge-common/3.5.0/smallrye-mutiny-vertx-bridge-common-3.5.0.jar:/Users/leydervera/.m2/repository/io/smallrye/reactive/smallrye-mutiny-vertx-uri-template/3.5.0/smallrye-mutiny-vertx-uri-template-3.5.0.jar:/Users/leydervera/.m2/repository/io/vertx/vertx-uri-template/4.4.4/vertx-uri-template-4.4.4.jar:/Users/leydervera/.m2/repository/io/github/crac/org-crac/0.1.3/org-crac-0.1.3.jar:/Users/leydervera/.m2/repository/io/quarkus/quarkus-jsonp/3.3.0/quarkus-jsonp-3.3.0.jar:/Users/leydervera/.m2/repository/org/eclipse/parsson/parsson/1.1.2/parsson-1.1.2.jar:/Users/leydervera/.m2/repository/jakarta/json/jakarta.json-api/2.1.2/jakarta.json-api-2.1.2.jar:/Users/leydervera/.m2/repository/io/quarkus/quarkus-virtual-threads/3.3.0/quarkus-virtual-threads-3.3.0.jar:/Users/leydervera/.m2/repository/io/quarkus/quarkus-arc/3.3.0/quarkus-arc-3.3.0.jar:/Users/leydervera/.m2/repository/org/eclipse/microprofile/context-propagation/microprofile-context-propagation-api/1.3/microprofile-context-propagation-api-1.3.jar:/Users/leydervera/.m2/repository/io/quarkus/quarkus-junit5/3.3.0/quarkus-junit5-3.3.0.jar:/Users/leydervera/.m2/repository/io/quarkus/quarkus-bootstrap-core/3.3.0/quarkus-bootstrap-core-3.3.0.jar:/Users/leydervera/.m2/repository/io/quarkus/quarkus-bootstrap-app-model/3.3.0/quarkus-bootstrap-app-model-3.3.0.jar:/Users/leydervera/.m2/repository/io/smallrye/common/smallrye-common-io/2.1.0/smallrye-common-io-2.1.0.jar:/Users/leydervera/.m2/repository/org/eclipse/sisu/org.eclipse.sisu.inject/0.3.5/org.eclipse.sisu.inject-0.3.5.jar:/Users/leydervera/.m2/repository/io/quarkus/quarkus-test-common/3.3.0/quarkus-test-common-3.3.0.jar:/Users/leydervera/.m2/repository/io/quarkus/quarkus-core-deployment/3.3.0/quarkus-core-deployment-3.3.0.jar:/Users/leydervera/.m2/repository/org/aesh/readline/2.4/readline-2.4.jar:/Users/leydervera/.m2/repository/org/fusesource/jansi/jansi/2.4.0/jansi-2.4.0.jar:/Users/leydervera/.m2/repository/org/aesh/aesh/2.7/aesh-2.7.jar:/Users/leydervera/.m2/repository/io/quarkus/gizmo/gizmo/1.6.1.Final/gizmo-1.6.1.Final.jar:/Users/leydervera/.m2/repository/org/ow2/asm/asm-util/9.5/asm-util-9.5.jar:/Users/leydervera/.m2/repository/org/ow2/asm/asm-analysis/9.5/asm-analysis-9.5.jar:/Users/leydervera/.m2/repository/org/ow2/asm/asm/9.5/asm-9.5.jar:/Users/leydervera/.m2/repository/org/ow2/asm/asm-commons/9.5/asm-commons-9.5.jar:/Users/leydervera/.m2/repository/org/ow2/asm/asm-tree/9.5/asm-tree-9.5.jar:/Users/leydervera/.m2/repository/io/quarkus/quarkus-class-change-agent/3.3.0/quarkus-class-change-agent-3.3.0.jar:/Users/leydervera/.m2/repository/io/quarkus/quarkus-devtools-utilities/3.3.0/quarkus-devtools-utilities-3.3.0.jar:/Users/leydervera/.m2/repository/io/quarkus/quarkus-builder/3.3.0/quarkus-builder-3.3.0.jar:/Users/leydervera/.m2/repository/org/graalvm/sdk/graal-sdk/23.0.1/graal-sdk-23.0.1.jar:/Users/leydervera/.m2/repository/org/junit/platform/junit-platform-launcher/1.9.3/junit-platform-launcher-1.9.3.jar:/Users/leydervera/.m2/repository/io/quarkus/quarkus-bootstrap-maven-resolver/3.3.0/quarkus-bootstrap-maven-resolver-3.3.0.jar:/Users/leydervera/.m2/repository/io/smallrye/beanbag/smallrye-beanbag-maven/1.3.2/smallrye-beanbag-maven-1.3.2.jar:/Users/leydervera/.m2/repository/io/smallrye/beanbag/smallrye-beanbag-sisu/1.3.2/smallrye-beanbag-sisu-1.3.2.jar:/Users/leydervera/.m2/repository/io/smallrye/beanbag/smallrye-beanbag/1.3.2/smallrye-beanbag-1.3.2.jar:/Users/leydervera/.m2/repository/javax/inject/javax.inject/1/javax.inject-1.jar:/Users/leydervera/.m2/repository/org/apache/maven/maven-artifact/3.9.3/maven-artifact-3.9.3.jar:/Users/leydervera/.m2/repository/org/apache/maven/maven-builder-support/3.9.3/maven-builder-support-3.9.3.jar:/Users/leydervera/.m2/repository/org/apache/maven/maven-model/3.9.3/maven-model-3.9.3.jar:/Users/leydervera/.m2/repository/org/apache/maven/maven-model-builder/3.9.3/maven-model-builder-3.9.3.jar:/Users/leydervera/.m2/repository/org/apache/maven/maven-repository-metadata/3.9.3/maven-repository-metadata-3.9.3.jar:/Users/leydervera/.m2/repository/org/apache/maven/maven-settings/3.9.3/maven-settings-3.9.3.jar:/Users/leydervera/.m2/repository/org/apache/maven/resolver/maven-resolver-api/1.9.13/maven-resolver-api-1.9.13.jar:/Users/leydervera/.m2/repository/org/apache/maven/resolver/maven-resolver-impl/1.9.13/maven-resolver-impl-1.9.13.jar:/Users/leydervera/.m2/repository/org/apache/maven/resolver/maven-resolver-named-locks/1.9.13/maven-resolver-named-locks-1.9.13.jar:/Users/leydervera/.m2/repository/org/apache/maven/resolver/maven-resolver-spi/1.9.13/maven-resolver-spi-1.9.13.jar:/Users/leydervera/.m2/repository/org/apache/maven/resolver/maven-resolver-util/1.9.13/maven-resolver-util-1.9.13.jar:/Users/leydervera/.m2/repository/org/apache/maven/resolver/maven-resolver-transport-http/1.9.10/maven-resolver-transport-http-1.9.10.jar:/Users/leydervera/.m2/repository/org/apache/maven/wagon/wagon-provider-api/3.5.3/wagon-provider-api-3.5.3.jar:/Users/leydervera/.m2/repository/org/apache/maven/wagon/wagon-http-shared/3.5.3/wagon-http-shared-3.5.3.jar:/Users/leydervera/.m2/repository/org/codehaus/plexus/plexus-interpolation/1.26/plexus-interpolation-1.26.jar:/Users/leydervera/.m2/repository/org/codehaus/plexus/plexus-utils/3.5.1/plexus-utils-3.5.1.jar:/Users/leydervera/.m2/repository/org/codehaus/plexus/plexus-xml/4.0.0/plexus-xml-4.0.0.jar:/Users/leydervera/.m2/repository/org/apache/maven/maven-xml-impl/4.0.0-alpha-5/maven-xml-impl-4.0.0-alpha-5.jar:/Users/leydervera/.m2/repository/org/apache/maven/maven-api-xml/4.0.0-alpha-5/maven-api-xml-4.0.0-alpha-5.jar:/Users/leydervera/.m2/repository/org/apache/maven/maven-api-meta/4.0.0-alpha-5/maven-api-meta-4.0.0-alpha-5.jar:/Users/leydervera/.m2/repository/org/codehaus/plexus/plexus-cipher/2.0/plexus-cipher-2.0.jar:/Users/leydervera/.m2/repository/org/codehaus/plexus/plexus-sec-dispatcher/2.0/plexus-sec-dispatcher-2.0.jar:/Users/leydervera/.m2/repository/org/apache/maven/maven-embedder/3.9.3/maven-embedder-3.9.3.jar:/Users/leydervera/.m2/repository/org/apache/maven/maven-core/3.9.3/maven-core-3.9.3.jar:/Users/leydervera/.m2/repository/org/codehaus/plexus/plexus-component-annotations/2.1.0/plexus-component-annotations-2.1.0.jar:/Users/leydervera/.m2/repository/org/apache/maven/maven-plugin-api/3.9.3/maven-plugin-api-3.9.3.jar:/Users/leydervera/.m2/repository/org/apache/maven/shared/maven-shared-utils/3.3.4/maven-shared-utils-3.3.4.jar:/Users/leydervera/.m2/repository/com/google/inject/guice/5.1.0/guice-5.1.0.jar:/Users/leydervera/.m2/repository/aopalliance/aopalliance/1.0/aopalliance-1.0.jar:/Users/leydervera/.m2/repository/com/google/guava/guava/32.1.1-jre/guava-32.1.1-jre.jar:/Users/leydervera/.m2/repository/com/google/guava/failureaccess/1.0.1/failureaccess-1.0.1.jar:/Users/leydervera/.m2/repository/javax/annotation/javax.annotation-api/1.3.2/javax.annotation-api-1.3.2.jar:/Users/leydervera/.m2/repository/org/codehaus/plexus/plexus-classworlds/2.6.0/plexus-classworlds-2.6.0.jar:/Users/leydervera/.m2/repository/commons-cli/commons-cli/1.5.0/commons-cli-1.5.0.jar:/Users/leydervera/.m2/repository/org/eclipse/sisu/org.eclipse.sisu.plexus/0.3.5/org.eclipse.sisu.plexus-0.3.5.jar:/Users/leydervera/.m2/repository/org/apache/maven/maven-settings-builder/3.9.3/maven-settings-builder-3.9.3.jar:/Users/leydervera/.m2/repository/org/apache/maven/maven-resolver-provider/3.9.3/maven-resolver-provider-3.9.3.jar:/Users/leydervera/.m2/repository/org/apache/maven/resolver/maven-resolver-connector-basic/1.9.13/maven-resolver-connector-basic-1.9.13.jar:/Users/leydervera/.m2/repository/org/apache/maven/resolver/maven-resolver-transport-wagon/1.9.13/maven-resolver-transport-wagon-1.9.13.jar:/Users/leydervera/.m2/repository/org/apache/maven/wagon/wagon-http/3.5.3/wagon-http-3.5.3.jar:/Users/leydervera/.m2/repository/org/apache/maven/wagon/wagon-file/3.5.3/wagon-file-3.5.3.jar:/Users/leydervera/.m2/repository/io/quarkus/quarkus-bootstrap-gradle-resolver/3.3.0/quarkus-bootstrap-gradle-resolver-3.3.0.jar:/Users/leydervera/.m2/repository/io/smallrye/jandex/3.1.2/jandex-3.1.2.jar:/Users/leydervera/.m2/repository/commons-io/commons-io/2.13.0/commons-io-2.13.0.jar:/Users/leydervera/.m2/repository/io/quarkus/quarkus-junit5-properties/3.3.0/quarkus-junit5-properties-3.3.0.jar:/Users/leydervera/.m2/repository/org/junit/jupiter/junit-jupiter/5.9.3/junit-jupiter-5.9.3.jar:/Users/leydervera/.m2/repository/org/junit/jupiter/junit-jupiter-api/5.9.3/junit-jupiter-api-5.9.3.jar:/Users/leydervera/.m2/repository/org/opentest4j/opentest4j/1.2.0/opentest4j-1.2.0.jar:/Users/leydervera/.m2/repository/org/junit/platform/junit-platform-commons/1.9.3/junit-platform-commons-1.9.3.jar:/Users/leydervera/.m2/repository/org/apiguardian/apiguardian-api/1.1.2/apiguardian-api-1.1.2.jar:/Users/leydervera/.m2/repository/org/junit/jupiter/junit-jupiter-params/5.9.3/junit-jupiter-params-5.9.3.jar:/Users/leydervera/.m2/repository/org/junit/jupiter/junit-jupiter-engine/5.9.3/junit-jupiter-engine-5.9.3.jar:/Users/leydervera/.m2/repository/org/junit/platform/junit-platform-engine/1.9.3/junit-platform-engine-1.9.3.jar:/Users/leydervera/.m2/repository/io/quarkus/quarkus-core/3.3.0/quarkus-core-3.3.0.jar:/Users/leydervera/.m2/repository/jakarta/inject/jakarta.inject-api/2.0.1/jakarta.inject-api-2.0.1.jar:/Users/leydervera/.m2/repository/io/smallrye/common/smallrye-common-os/2.1.0/smallrye-common-os-2.1.0.jar:/Users/leydervera/.m2/repository/io/quarkus/quarkus-ide-launcher/3.3.0/quarkus-ide-launcher-3.3.0.jar:/Users/leydervera/.m2/repository/io/quarkus/quarkus-development-mode-spi/3.3.0/quarkus-development-mode-spi-3.3.0.jar:/Users/leydervera/.m2/repository/io/smallrye/config/smallrye-config/3.3.3/smallrye-config-3.3.3.jar:/Users/leydervera/.m2/repository/io/smallrye/config/smallrye-config-core/3.3.3/smallrye-config-core-3.3.3.jar:/Users/leydervera/.m2/repository/org/eclipse/microprofile/config/microprofile-config-api/3.0.3/microprofile-config-api-3.0.3.jar:/Users/leydervera/.m2/repository/io/smallrye/common/smallrye-common-expression/2.1.0/smallrye-common-expression-2.1.0.jar:/Users/leydervera/.m2/repository/io/smallrye/common/smallrye-common-function/2.1.0/smallrye-common-function-2.1.0.jar:/Users/leydervera/.m2/repository/io/smallrye/common/smallrye-common-classloader/2.1.0/smallrye-common-classloader-2.1.0.jar:/Users/leydervera/.m2/repository/io/smallrye/config/smallrye-config-common/3.3.3/smallrye-config-common-3.3.3.jar:/Users/leydervera/.m2/repository/org/jboss/logmanager/jboss-logmanager-embedded/1.1.1/jboss-logmanager-embedded-1.1.1.jar:/Users/leydervera/.m2/repository/org/jboss/logging/jboss-logging-annotations/2.2.1.Final/jboss-logging-annotations-2.2.1.Final.jar:/Users/leydervera/.m2/repository/org/jboss/threads/jboss-threads/3.5.0.Final/jboss-threads-3.5.0.Final.jar:/Users/leydervera/.m2/repository/org/slf4j/slf4j-api/2.0.6/slf4j-api-2.0.6.jar:/Users/leydervera/.m2/repository/org/jboss/slf4j/slf4j-jboss-logmanager/2.0.0.Final/slf4j-jboss-logmanager-2.0.0.Final.jar:/Users/leydervera/.m2/repository/org/wildfly/common/wildfly-common/1.5.4.Final-format-001/wildfly-common-1.5.4.Final-format-001.jar:/Users/leydervera/.m2/repository/io/quarkus/quarkus-bootstrap-runner/3.3.0/quarkus-bootstrap-runner-3.3.0.jar:/Users/leydervera/.m2/repository/io/quarkus/quarkus-fs-util/0.0.9/quarkus-fs-util-0.0.9.jar:/Users/leydervera/.m2/repository/com/thoughtworks/xstream/xstream/1.4.20/xstream-1.4.20.jar:/Users/leydervera/.m2/repository/io/github/x-stream/mxparser/1.2.2/mxparser-1.2.2.jar:/Users/leydervera/.m2/repository/xmlpull/xmlpull/1.1.3.1/xmlpull-1.1.3.1.jar:/Users/leydervera/.m2/repository/io/rest-assured/rest-assured/5.3.0/rest-assured-5.3.0.jar:/Users/leydervera/.m2/repository/org/apache/groovy/groovy/4.0.6/groovy-4.0.6.jar:/Users/leydervera/.m2/repository/org/apache/groovy/groovy-xml/4.0.6/groovy-xml-4.0.6.jar:/Users/leydervera/.m2/repository/org/apache/httpcomponents/httpclient/4.5.14/httpclient-4.5.14.jar:/Users/leydervera/.m2/repository/org/apache/httpcomponents/httpcore/4.4.16/httpcore-4.4.16.jar:/Users/leydervera/.m2/repository/commons-codec/commons-codec/1.16.0/commons-codec-1.16.0.jar:/Users/leydervera/.m2/repository/org/apache/httpcomponents/httpmime/4.5.14/httpmime-4.5.14.jar:/Users/leydervera/.m2/repository/org/hamcrest/hamcrest/2.1/hamcrest-2.1.jar:/Users/leydervera/.m2/repository/org/ccil/cowan/tagsoup/tagsoup/1.2.1/tagsoup-1.2.1.jar:/Users/leydervera/.m2/repository/io/rest-assured/json-path/5.3.0/json-path-5.3.0.jar:/Users/leydervera/.m2/repository/org/apache/groovy/groovy-json/4.0.6/groovy-json-4.0.6.jar:/Users/leydervera/.m2/repository/io/rest-assured/rest-assured-common/5.3.0/rest-assured-common-5.3.0.jar:/Users/leydervera/.m2/repository/io/rest-assured/xml-path/5.3.0/xml-path-5.3.0.jar:/Users/leydervera/.m2/repository/org/apache/commons/commons-lang3/3.12.0/commons-lang3-3.12.0.jar:/Users/leydervera/.m2/repository/io/quarkus/quarkus-resteasy-reactive-jsonb/3.3.0/quarkus-resteasy-reactive-jsonb-3.3.0.jar:/Users/leydervera/.m2/repository/io/quarkus/resteasy/reactive/resteasy-reactive-jsonb/3.3.0/resteasy-reactive-jsonb-3.3.0.jar:/Users/leydervera/.m2/repository/org/eclipse/yasson/3.0.3/yasson-3.0.3.jar:/Users/leydervera/.m2/repository/jakarta/json/bind/jakarta.json.bind-api/3.0.0/jakarta.json.bind-api-3.0.0.jar:/Users/leydervera/.m2/repository/io/quarkus/quarkus-resteasy-reactive-jsonb-common/3.3.0/quarkus-resteasy-reactive-jsonb-common-3.3.0.jar:/Users/leydervera/.m2/repository/io/quarkus/quarkus-jsonb/3.3.0/quarkus-jsonb-3.3.0.jar:"/>
    <property name="java.vm.vendor" value="Eclipse Foundation"/>
    <property name="sun.arch.data.model" value="64"/>
    <property name="java.vendor.url" value="https://adoptium.net/"/>
    <property name="user.timezone" value="America/Bogota"/>
    <property name="logging.initial-configurator.min-level" value="500"/>
    <property name="java.vm.specification.version" value="11"/>
    <property name="os.name" value="Mac OS X"/>
    <property name="sun.java.launcher" value="SUN_STANDARD"/>
    <property name="user.country" value="419"/>
    <property name="groovy.use.classvalue" value="false"/>
    <property name="sun.boot.library.path" value="/Library/Java/JavaVirtualMachines/temurin-11.jdk/Contents/Home/lib"/>
    <property name="sun.java.command" value="/Users/leydervera/Github/Otros Repos/QuarkusQuickStartReal/target/surefire/surefirebooter-20230901101826520_3.jar /Users/leydervera/Github/Otros Repos/QuarkusQuickStartReal/target/surefire 2023-09-01T10-18-26_278-jvmRun1 surefire-20230901101826520_1tmp surefire_0-20230901101826520_2tmp"/>
    <property name="http.nonProxyHosts" value="local|*.local|169.254/16|*.169.254/16|lync.com|*.lync.com|teams.microsoft.com|*.teams.microsoft.com|teams.microsoft.com|*.teams.microsoft.com|13.107.64.0/18|*.13.107.64.0/18|52.112.0.0/14|*.52.112.0.0/14|52.120.0.0/14|*.52.120.0.0/14|52.238.119.141/32|*.52.238.119.141/32|52.244.160.207/32|*.52.244.160.207/32|2603:1027::/48|*.2603:1027::/48|2603:1037::/48|*.2603:1037::/48|2603:1047::/48|*.2603:1047::/48|2603:1057::/48|*.2603:1057::/48|2620:1ec:6::/48|*.2620:1ec:6::/48|2620:1ec:40::/42|*.2620:1ec:40::/42"/>
    <property name="jdk.debug" value="release"/>
    <property name="maven.home" value="/Users/leydervera/.m2/wrapper/dists/apache-maven-3.8.6-bin/67568434/apache-maven-3.8.6"/>
    <property name="surefire.test.class.path" value="/Users/leydervera/Github/Otros Repos/QuarkusQuickStartReal/target/test-classes:/Users/leydervera/Github/Otros Repos/QuarkusQuickStartReal/target/classes:/Users/leydervera/.m2/repository/io/quarkus/quarkus-resteasy-reactive/3.3.0/quarkus-resteasy-reactive-3.3.0.jar:/Users/leydervera/.m2/repository/io/quarkus/quarkus-resteasy-reactive-common/3.3.0/quarkus-resteasy-reactive-common-3.3.0.jar:/Users/leydervera/.m2/repository/io/quarkus/resteasy/reactive/resteasy-reactive-common/3.3.0/resteasy-reactive-common-3.3.0.jar:/Users/leydervera/.m2/repository/io/quarkus/resteasy/reactive/resteasy-reactive-common-types/3.3.0/resteasy-reactive-common-types-3.3.0.jar:/Users/leydervera/.m2/repository/io/smallrye/reactive/mutiny/2.3.1/mutiny-2.3.1.jar:/Users/leydervera/.m2/repository/org/reactivestreams/reactive-streams/1.0.4/reactive-streams-1.0.4.jar:/Users/leydervera/.m2/repository/io/smallrye/reactive/mutiny-zero-flow-adapters/1.0.0/mutiny-zero-flow-adapters-1.0.0.jar:/Users/leydervera/.m2/repository/io/smallrye/common/smallrye-common-annotation/2.1.0/smallrye-common-annotation-2.1.0.jar:/Users/leydervera/.m2/repository/io/quarkus/quarkus-mutiny/3.3.0/quarkus-mutiny-3.3.0.jar:/Users/leydervera/.m2/repository/io/quarkus/quarkus-smallrye-context-propagation/3.3.0/quarkus-smallrye-context-propagation-3.3.0.jar:/Users/leydervera/.m2/repository/io/smallrye/smallrye-context-propagation/2.1.0/smallrye-context-propagation-2.1.0.jar:/Users/leydervera/.m2/repository/io/smallrye/smallrye-context-propagation-api/2.1.0/smallrye-context-propagation-api-2.1.0.jar:/Users/leydervera/.m2/repository/io/smallrye/smallrye-context-propagation-storage/2.1.0/smallrye-context-propagation-storage-2.1.0.jar:/Users/leydervera/.m2/repository/io/smallrye/reactive/mutiny-smallrye-context-propagation/2.3.1/mutiny-smallrye-context-propagation-2.3.1.jar:/Users/leydervera/.m2/repository/io/quarkus/quarkus-vertx/3.3.0/quarkus-vertx-3.3.0.jar:/Users/leydervera/.m2/repository/io/quarkus/quarkus-netty/3.3.0/quarkus-netty-3.3.0.jar:/Users/leydervera/.m2/repository/io/netty/netty-codec/4.1.94.Final/netty-codec-4.1.94.Final.jar:/Users/leydervera/.m2/repository/io/netty/netty-codec-http/4.1.94.Final/netty-codec-http-4.1.94.Final.jar:/Users/leydervera/.m2/repository/io/netty/netty-codec-http2/4.1.94.Final/netty-codec-http2-4.1.94.Final.jar:/Users/leydervera/.m2/repository/io/netty/netty-handler/4.1.94.Final/netty-handler-4.1.94.Final.jar:/Users/leydervera/.m2/repository/io/netty/netty-transport-native-unix-common/4.1.94.Final/netty-transport-native-unix-common-4.1.94.Final.jar:/Users/leydervera/.m2/repository/com/aayushatharva/brotli4j/brotli4j/1.12.0/brotli4j-1.12.0.jar:/Users/leydervera/.m2/repository/com/aayushatharva/brotli4j/service/1.12.0/service-1.12.0.jar:/Users/leydervera/.m2/repository/com/aayushatharva/brotli4j/native-osx-x86_64/1.12.0/native-osx-x86_64-1.12.0.jar:/Users/leydervera/.m2/repository/io/netty/netty-codec-haproxy/4.1.94.Final/netty-codec-haproxy-4.1.94.Final.jar:/Users/leydervera/.m2/repository/io/netty/netty-buffer/4.1.94.Final/netty-buffer-4.1.94.Final.jar:/Users/leydervera/.m2/repository/io/netty/netty-transport/4.1.94.Final/netty-transport-4.1.94.Final.jar:/Users/leydervera/.m2/repository/io/quarkus/quarkus-vertx-latebound-mdc-provider/3.3.0/quarkus-vertx-latebound-mdc-provider-3.3.0.jar:/Users/leydervera/.m2/repository/io/smallrye/smallrye-fault-tolerance-vertx/6.2.6/smallrye-fault-tolerance-vertx-6.2.6.jar:/Users/leydervera/.m2/repository/io/quarkus/resteasy/reactive/resteasy-reactive-vertx/3.3.0/resteasy-reactive-vertx-3.3.0.jar:/Users/leydervera/.m2/repository/io/vertx/vertx-web/4.4.4/vertx-web-4.4.4.jar:/Users/leydervera/.m2/repository/io/vertx/vertx-web-common/4.4.4/vertx-web-common-4.4.4.jar:/Users/leydervera/.m2/repository/io/vertx/vertx-auth-common/4.4.4/vertx-auth-common-4.4.4.jar:/Users/leydervera/.m2/repository/io/vertx/vertx-bridge-common/4.4.4/vertx-bridge-common-4.4.4.jar:/Users/leydervera/.m2/repository/io/vertx/vertx-core/4.4.4/vertx-core-4.4.4.jar:/Users/leydervera/.m2/repository/io/netty/netty-common/4.1.94.Final/netty-common-4.1.94.Final.jar:/Users/leydervera/.m2/repository/io/netty/netty-handler-proxy/4.1.94.Final/netty-handler-proxy-4.1.94.Final.jar:/Users/leydervera/.m2/repository/io/netty/netty-codec-socks/4.1.94.Final/netty-codec-socks-4.1.94.Final.jar:/Users/leydervera/.m2/repository/io/netty/netty-resolver/4.1.94.Final/netty-resolver-4.1.94.Final.jar:/Users/leydervera/.m2/repository/io/netty/netty-resolver-dns/4.1.94.Final/netty-resolver-dns-4.1.94.Final.jar:/Users/leydervera/.m2/repository/io/netty/netty-codec-dns/4.1.94.Final/netty-codec-dns-4.1.94.Final.jar:/Users/leydervera/.m2/repository/com/fasterxml/jackson/core/jackson-core/2.15.2/jackson-core-2.15.2.jar:/Users/leydervera/.m2/repository/io/smallrye/reactive/smallrye-mutiny-vertx-core/3.5.0/smallrye-mutiny-vertx-core-3.5.0.jar:/Users/leydervera/.m2/repository/io/smallrye/reactive/smallrye-mutiny-vertx-runtime/3.5.0/smallrye-mutiny-vertx-runtime-3.5.0.jar:/Users/leydervera/.m2/repository/io/smallrye/reactive/vertx-mutiny-generator/3.5.0/vertx-mutiny-generator-3.5.0.jar:/Users/leydervera/.m2/repository/io/vertx/vertx-codegen/4.4.4/vertx-codegen-4.4.4.jar:/Users/leydervera/.m2/repository/io/quarkus/resteasy/reactive/resteasy-reactive/3.3.0/resteasy-reactive-3.3.0.jar:/Users/leydervera/.m2/repository/jakarta/enterprise/jakarta.enterprise.cdi-api/4.0.1/jakarta.enterprise.cdi-api-4.0.1.jar:/Users/leydervera/.m2/repository/jakarta/enterprise/jakarta.enterprise.lang-model/4.0.1/jakarta.enterprise.lang-model-4.0.1.jar:/Users/leydervera/.m2/repository/jakarta/el/jakarta.el-api/5.0.1/jakarta.el-api-5.0.1.jar:/Users/leydervera/.m2/repository/jakarta/interceptor/jakarta.interceptor-api/2.1.0/jakarta.interceptor-api-2.1.0.jar:/Users/leydervera/.m2/repository/jakarta/ws/rs/jakarta.ws.rs-api/3.1.0/jakarta.ws.rs-api-3.1.0.jar:/Users/leydervera/.m2/repository/jakarta/annotation/jakarta.annotation-api/2.1.1/jakarta.annotation-api-2.1.1.jar:/Users/leydervera/.m2/repository/org/jboss/logging/commons-logging-jboss-logging/1.0.0.Final/commons-logging-jboss-logging-1.0.0.Final.jar:/Users/leydervera/.m2/repository/jakarta/xml/bind/jakarta.xml.bind-api/4.0.0/jakarta.xml.bind-api-4.0.0.jar:/Users/leydervera/.m2/repository/jakarta/activation/jakarta.activation-api/2.1.2/jakarta.activation-api-2.1.2.jar:/Users/leydervera/.m2/repository/org/jboss/logging/jboss-logging/3.5.1.Final/jboss-logging-3.5.1.Final.jar:/Users/leydervera/.m2/repository/io/quarkus/quarkus-vertx-http/3.3.0/quarkus-vertx-http-3.3.0.jar:/Users/leydervera/.m2/repository/io/quarkus/quarkus-security-runtime-spi/3.3.0/quarkus-security-runtime-spi-3.3.0.jar:/Users/leydervera/.m2/repository/io/quarkus/quarkus-credentials/3.3.0/quarkus-credentials-3.3.0.jar:/Users/leydervera/.m2/repository/io/quarkus/arc/arc/3.3.0/arc-3.3.0.jar:/Users/leydervera/.m2/repository/jakarta/transaction/jakarta.transaction-api/2.0.1/jakarta.transaction-api-2.0.1.jar:/Users/leydervera/.m2/repository/io/smallrye/common/smallrye-common-vertx-context/2.1.0/smallrye-common-vertx-context-2.1.0.jar:/Users/leydervera/.m2/repository/io/smallrye/common/smallrye-common-constraint/2.1.0/smallrye-common-constraint-2.1.0.jar:/Users/leydervera/.m2/repository/io/quarkus/quarkus-vertx-http-dev-console-runtime-spi/3.3.0/quarkus-vertx-http-dev-console-runtime-spi-3.3.0.jar:/Users/leydervera/.m2/repository/io/quarkus/security/quarkus-security/2.0.2.Final/quarkus-security-2.0.2.Final.jar:/Users/leydervera/.m2/repository/io/smallrye/reactive/smallrye-mutiny-vertx-web/3.5.0/smallrye-mutiny-vertx-web-3.5.0.jar:/Users/leydervera/.m2/repository/io/smallrye/reactive/smallrye-mutiny-vertx-web-common/3.5.0/smallrye-mutiny-vertx-web-common-3.5.0.jar:/Users/leydervera/.m2/repository/io/smallrye/reactive/smallrye-mutiny-vertx-auth-common/3.5.0/smallrye-mutiny-vertx-auth-common-3.5.0.jar:/Users/leydervera/.m2/repository/io/smallrye/reactive/smallrye-mutiny-vertx-bridge-common/3.5.0/smallrye-mutiny-vertx-bridge-common-3.5.0.jar:/Users/leydervera/.m2/repository/io/smallrye/reactive/smallrye-mutiny-vertx-uri-template/3.5.0/smallrye-mutiny-vertx-uri-template-3.5.0.jar:/Users/leydervera/.m2/repository/io/vertx/vertx-uri-template/4.4.4/vertx-uri-template-4.4.4.jar:/Users/leydervera/.m2/repository/io/github/crac/org-crac/0.1.3/org-crac-0.1.3.jar:/Users/leydervera/.m2/repository/io/quarkus/quarkus-jsonp/3.3.0/quarkus-jsonp-3.3.0.jar:/Users/leydervera/.m2/repository/org/eclipse/parsson/parsson/1.1.2/parsson-1.1.2.jar:/Users/leydervera/.m2/repository/jakarta/json/jakarta.json-api/2.1.2/jakarta.json-api-2.1.2.jar:/Users/leydervera/.m2/repository/io/quarkus/quarkus-virtual-threads/3.3.0/quarkus-virtual-threads-3.3.0.jar:/Users/leydervera/.m2/repository/io/quarkus/quarkus-arc/3.3.0/quarkus-arc-3.3.0.jar:/Users/leydervera/.m2/repository/org/eclipse/microprofile/context-propagation/microprofile-context-propagation-api/1.3/microprofile-context-propagation-api-1.3.jar:/Users/leydervera/.m2/repository/io/quarkus/quarkus-junit5/3.3.0/quarkus-junit5-3.3.0.jar:/Users/leydervera/.m2/repository/io/quarkus/quarkus-bootstrap-core/3.3.0/quarkus-bootstrap-core-3.3.0.jar:/Users/leydervera/.m2/repository/io/quarkus/quarkus-bootstrap-app-model/3.3.0/quarkus-bootstrap-app-model-3.3.0.jar:/Users/leydervera/.m2/repository/io/smallrye/common/smallrye-common-io/2.1.0/smallrye-common-io-2.1.0.jar:/Users/leydervera/.m2/repository/org/eclipse/sisu/org.eclipse.sisu.inject/0.3.5/org.eclipse.sisu.inject-0.3.5.jar:/Users/leydervera/.m2/repository/io/quarkus/quarkus-test-common/3.3.0/quarkus-test-common-3.3.0.jar:/Users/leydervera/.m2/repository/io/quarkus/quarkus-core-deployment/3.3.0/quarkus-core-deployment-3.3.0.jar:/Users/leydervera/.m2/repository/org/aesh/readline/2.4/readline-2.4.jar:/Users/leydervera/.m2/repository/org/fusesource/jansi/jansi/2.4.0/jansi-2.4.0.jar:/Users/leydervera/.m2/repository/org/aesh/aesh/2.7/aesh-2.7.jar:/Users/leydervera/.m2/repository/io/quarkus/gizmo/gizmo/1.6.1.Final/gizmo-1.6.1.Final.jar:/Users/leydervera/.m2/repository/org/ow2/asm/asm-util/9.5/asm-util-9.5.jar:/Users/leydervera/.m2/repository/org/ow2/asm/asm-analysis/9.5/asm-analysis-9.5.jar:/Users/leydervera/.m2/repository/org/ow2/asm/asm/9.5/asm-9.5.jar:/Users/leydervera/.m2/repository/org/ow2/asm/asm-commons/9.5/asm-commons-9.5.jar:/Users/leydervera/.m2/repository/org/ow2/asm/asm-tree/9.5/asm-tree-9.5.jar:/Users/leydervera/.m2/repository/io/quarkus/quarkus-class-change-agent/3.3.0/quarkus-class-change-agent-3.3.0.jar:/Users/leydervera/.m2/repository/io/quarkus/quarkus-devtools-utilities/3.3.0/quarkus-devtools-utilities-3.3.0.jar:/Users/leydervera/.m2/repository/io/quarkus/quarkus-builder/3.3.0/quarkus-builder-3.3.0.jar:/Users/leydervera/.m2/repository/org/graalvm/sdk/graal-sdk/23.0.1/graal-sdk-23.0.1.jar:/Users/leydervera/.m2/repository/org/junit/platform/junit-platform-launcher/1.9.3/junit-platform-launcher-1.9.3.jar:/Users/leydervera/.m2/repository/io/quarkus/quarkus-bootstrap-maven-resolver/3.3.0/quarkus-bootstrap-maven-resolver-3.3.0.jar:/Users/leydervera/.m2/repository/io/smallrye/beanbag/smallrye-beanbag-maven/1.3.2/smallrye-beanbag-maven-1.3.2.jar:/Users/leydervera/.m2/repository/io/smallrye/beanbag/smallrye-beanbag-sisu/1.3.2/smallrye-beanbag-sisu-1.3.2.jar:/Users/leydervera/.m2/repository/io/smallrye/beanbag/smallrye-beanbag/1.3.2/smallrye-beanbag-1.3.2.jar:/Users/leydervera/.m2/repository/javax/inject/javax.inject/1/javax.inject-1.jar:/Users/leydervera/.m2/repository/org/apache/maven/maven-artifact/3.9.3/maven-artifact-3.9.3.jar:/Users/leydervera/.m2/repository/org/apache/maven/maven-builder-support/3.9.3/maven-builder-support-3.9.3.jar:/Users/leydervera/.m2/repository/org/apache/maven/maven-model/3.9.3/maven-model-3.9.3.jar:/Users/leydervera/.m2/repository/org/apache/maven/maven-model-builder/3.9.3/maven-model-builder-3.9.3.jar:/Users/leydervera/.m2/repository/org/apache/maven/maven-repository-metadata/3.9.3/maven-repository-metadata-3.9.3.jar:/Users/leydervera/.m2/repository/org/apache/maven/maven-settings/3.9.3/maven-settings-3.9.3.jar:/Users/leydervera/.m2/repository/org/apache/maven/resolver/maven-resolver-api/1.9.13/maven-resolver-api-1.9.13.jar:/Users/leydervera/.m2/repository/org/apache/maven/resolver/maven-resolver-impl/1.9.13/maven-resolver-impl-1.9.13.jar:/Users/leydervera/.m2/repository/org/apache/maven/resolver/maven-resolver-named-locks/1.9.13/maven-resolver-named-locks-1.9.13.jar:/Users/leydervera/.m2/repository/org/apache/maven/resolver/maven-resolver-spi/1.9.13/maven-resolver-spi-1.9.13.jar:/Users/leydervera/.m2/repository/org/apache/maven/resolver/maven-resolver-util/1.9.13/maven-resolver-util-1.9.13.jar:/Users/leydervera/.m2/repository/org/apache/maven/resolver/maven-resolver-transport-http/1.9.10/maven-resolver-transport-http-1.9.10.jar:/Users/leydervera/.m2/repository/org/apache/maven/wagon/wagon-provider-api/3.5.3/wagon-provider-api-3.5.3.jar:/Users/leydervera/.m2/repository/org/apache/maven/wagon/wagon-http-shared/3.5.3/wagon-http-shared-3.5.3.jar:/Users/leydervera/.m2/repository/org/codehaus/plexus/plexus-interpolation/1.26/plexus-interpolation-1.26.jar:/Users/leydervera/.m2/repository/org/codehaus/plexus/plexus-utils/3.5.1/plexus-utils-3.5.1.jar:/Users/leydervera/.m2/repository/org/codehaus/plexus/plexus-xml/4.0.0/plexus-xml-4.0.0.jar:/Users/leydervera/.m2/repository/org/apache/maven/maven-xml-impl/4.0.0-alpha-5/maven-xml-impl-4.0.0-alpha-5.jar:/Users/leydervera/.m2/repository/org/apache/maven/maven-api-xml/4.0.0-alpha-5/maven-api-xml-4.0.0-alpha-5.jar:/Users/leydervera/.m2/repository/org/apache/maven/maven-api-meta/4.0.0-alpha-5/maven-api-meta-4.0.0-alpha-5.jar:/Users/leydervera/.m2/repository/org/codehaus/plexus/plexus-cipher/2.0/plexus-cipher-2.0.jar:/Users/leydervera/.m2/repository/org/codehaus/plexus/plexus-sec-dispatcher/2.0/plexus-sec-dispatcher-2.0.jar:/Users/leydervera/.m2/repository/org/apache/maven/maven-embedder/3.9.3/maven-embedder-3.9.3.jar:/Users/leydervera/.m2/repository/org/apache/maven/maven-core/3.9.3/maven-core-3.9.3.jar:/Users/leydervera/.m2/repository/org/codehaus/plexus/plexus-component-annotations/2.1.0/plexus-component-annotations-2.1.0.jar:/Users/leydervera/.m2/repository/org/apache/maven/maven-plugin-api/3.9.3/maven-plugin-api-3.9.3.jar:/Users/leydervera/.m2/repository/org/apache/maven/shared/maven-shared-utils/3.3.4/maven-shared-utils-3.3.4.jar:/Users/leydervera/.m2/repository/com/google/inject/guice/5.1.0/guice-5.1.0.jar:/Users/leydervera/.m2/repository/aopalliance/aopalliance/1.0/aopalliance-1.0.jar:/Users/leydervera/.m2/repository/com/google/guava/guava/32.1.1-jre/guava-32.1.1-jre.jar:/Users/leydervera/.m2/repository/com/google/guava/failureaccess/1.0.1/failureaccess-1.0.1.jar:/Users/leydervera/.m2/repository/javax/annotation/javax.annotation-api/1.3.2/javax.annotation-api-1.3.2.jar:/Users/leydervera/.m2/repository/org/codehaus/plexus/plexus-classworlds/2.6.0/plexus-classworlds-2.6.0.jar:/Users/leydervera/.m2/repository/commons-cli/commons-cli/1.5.0/commons-cli-1.5.0.jar:/Users/leydervera/.m2/repository/org/eclipse/sisu/org.eclipse.sisu.plexus/0.3.5/org.eclipse.sisu.plexus-0.3.5.jar:/Users/leydervera/.m2/repository/org/apache/maven/maven-settings-builder/3.9.3/maven-settings-builder-3.9.3.jar:/Users/leydervera/.m2/repository/org/apache/maven/maven-resolver-provider/3.9.3/maven-resolver-provider-3.9.3.jar:/Users/leydervera/.m2/repository/org/apache/maven/resolver/maven-resolver-connector-basic/1.9.13/maven-resolver-connector-basic-1.9.13.jar:/Users/leydervera/.m2/repository/org/apache/maven/resolver/maven-resolver-transport-wagon/1.9.13/maven-resolver-transport-wagon-1.9.13.jar:/Users/leydervera/.m2/repository/org/apache/maven/wagon/wagon-http/3.5.3/wagon-http-3.5.3.jar:/Users/leydervera/.m2/repository/org/apache/maven/wagon/wagon-file/3.5.3/wagon-file-3.5.3.jar:/Users/leydervera/.m2/repository/io/quarkus/quarkus-bootstrap-gradle-resolver/3.3.0/quarkus-bootstrap-gradle-resolver-3.3.0.jar:/Users/leydervera/.m2/repository/io/smallrye/jandex/3.1.2/jandex-3.1.2.jar:/Users/leydervera/.m2/repository/commons-io/commons-io/2.13.0/commons-io-2.13.0.jar:/Users/leydervera/.m2/repository/io/quarkus/quarkus-junit5-properties/3.3.0/quarkus-junit5-properties-3.3.0.jar:/Users/leydervera/.m2/repository/org/junit/jupiter/junit-jupiter/5.9.3/junit-jupiter-5.9.3.jar:/Users/leydervera/.m2/repository/org/junit/jupiter/junit-jupiter-api/5.9.3/junit-jupiter-api-5.9.3.jar:/Users/leydervera/.m2/repository/org/opentest4j/opentest4j/1.2.0/opentest4j-1.2.0.jar:/Users/leydervera/.m2/repository/org/junit/platform/junit-platform-commons/1.9.3/junit-platform-commons-1.9.3.jar:/Users/leydervera/.m2/repository/org/apiguardian/apiguardian-api/1.1.2/apiguardian-api-1.1.2.jar:/Users/leydervera/.m2/repository/org/junit/jupiter/junit-jupiter-params/5.9.3/junit-jupiter-params-5.9.3.jar:/Users/leydervera/.m2/repository/org/junit/jupiter/junit-jupiter-engine/5.9.3/junit-jupiter-engine-5.9.3.jar:/Users/leydervera/.m2/repository/org/junit/platform/junit-platform-engine/1.9.3/junit-platform-engine-1.9.3.jar:/Users/leydervera/.m2/repository/io/quarkus/quarkus-core/3.3.0/quarkus-core-3.3.0.jar:/Users/leydervera/.m2/repository/jakarta/inject/jakarta.inject-api/2.0.1/jakarta.inject-api-2.0.1.jar:/Users/leydervera/.m2/repository/io/smallrye/common/smallrye-common-os/2.1.0/smallrye-common-os-2.1.0.jar:/Users/leydervera/.m2/repository/io/quarkus/quarkus-ide-launcher/3.3.0/quarkus-ide-launcher-3.3.0.jar:/Users/leydervera/.m2/repository/io/quarkus/quarkus-development-mode-spi/3.3.0/quarkus-development-mode-spi-3.3.0.jar:/Users/leydervera/.m2/repository/io/smallrye/config/smallrye-config/3.3.3/smallrye-config-3.3.3.jar:/Users/leydervera/.m2/repository/io/smallrye/config/smallrye-config-core/3.3.3/smallrye-config-core-3.3.3.jar:/Users/leydervera/.m2/repository/org/eclipse/microprofile/config/microprofile-config-api/3.0.3/microprofile-config-api-3.0.3.jar:/Users/leydervera/.m2/repository/io/smallrye/common/smallrye-common-expression/2.1.0/smallrye-common-expression-2.1.0.jar:/Users/leydervera/.m2/repository/io/smallrye/common/smallrye-common-function/2.1.0/smallrye-common-function-2.1.0.jar:/Users/leydervera/.m2/repository/io/smallrye/common/smallrye-common-classloader/2.1.0/smallrye-common-classloader-2.1.0.jar:/Users/leydervera/.m2/repository/io/smallrye/config/smallrye-config-common/3.3.3/smallrye-config-common-3.3.3.jar:/Users/leydervera/.m2/repository/org/jboss/logmanager/jboss-logmanager-embedded/1.1.1/jboss-logmanager-embedded-1.1.1.jar:/Users/leydervera/.m2/repository/org/jboss/logging/jboss-logging-annotations/2.2.1.Final/jboss-logging-annotations-2.2.1.Final.jar:/Users/leydervera/.m2/repository/org/jboss/threads/jboss-threads/3.5.0.Final/jboss-threads-3.5.0.Final.jar:/Users/leydervera/.m2/repository/org/slf4j/slf4j-api/2.0.6/slf4j-api-2.0.6.jar:/Users/leydervera/.m2/repository/org/jboss/slf4j/slf4j-jboss-logmanager/2.0.0.Final/slf4j-jboss-logmanager-2.0.0.Final.jar:/Users/leydervera/.m2/repository/org/wildfly/common/wildfly-common/1.5.4.Final-format-001/wildfly-common-1.5.4.Final-format-001.jar:/Users/leydervera/.m2/repository/io/quarkus/quarkus-bootstrap-runner/3.3.0/quarkus-bootstrap-runner-3.3.0.jar:/Users/leydervera/.m2/repository/io/quarkus/quarkus-fs-util/0.0.9/quarkus-fs-util-0.0.9.jar:/Users/leydervera/.m2/repository/com/thoughtworks/xstream/xstream/1.4.20/xstream-1.4.20.jar:/Users/leydervera/.m2/repository/io/github/x-stream/mxparser/1.2.2/mxparser-1.2.2.jar:/Users/leydervera/.m2/repository/xmlpull/xmlpull/1.1.3.1/xmlpull-1.1.3.1.jar:/Users/leydervera/.m2/repository/io/rest-assured/rest-assured/5.3.0/rest-assured-5.3.0.jar:/Users/leydervera/.m2/repository/org/apache/groovy/groovy/4.0.6/groovy-4.0.6.jar:/Users/leydervera/.m2/repository/org/apache/groovy/groovy-xml/4.0.6/groovy-xml-4.0.6.jar:/Users/leydervera/.m2/repository/org/apache/httpcomponents/httpclient/4.5.14/httpclient-4.5.14.jar:/Users/leydervera/.m2/repository/org/apache/httpcomponents/httpcore/4.4.16/httpcore-4.4.16.jar:/Users/leydervera/.m2/repository/commons-codec/commons-codec/1.16.0/commons-codec-1.16.0.jar:/Users/leydervera/.m2/repository/org/apache/httpcomponents/httpmime/4.5.14/httpmime-4.5.14.jar:/Users/leydervera/.m2/repository/org/hamcrest/hamcrest/2.1/hamcrest-2.1.jar:/Users/leydervera/.m2/repository/org/ccil/cowan/tagsoup/tagsoup/1.2.1/tagsoup-1.2.1.jar:/Users/leydervera/.m2/repository/io/rest-assured/json-path/5.3.0/json-path-5.3.0.jar:/Users/leydervera/.m2/repository/org/apache/groovy/groovy-json/4.0.6/groovy-json-4.0.6.jar:/Users/leydervera/.m2/repository/io/rest-assured/rest-assured-common/5.3.0/rest-assured-common-5.3.0.jar:/Users/leydervera/.m2/repository/io/rest-assured/xml-path/5.3.0/xml-path-5.3.0.jar:/Users/leydervera/.m2/repository/org/apache/commons/commons-lang3/3.12.0/commons-lang3-3.12.0.jar:/Users/leydervera/.m2/repository/io/quarkus/quarkus-resteasy-reactive-jsonb/3.3.0/quarkus-resteasy-reactive-jsonb-3.3.0.jar:/Users/leydervera/.m2/repository/io/quarkus/resteasy/reactive/resteasy-reactive-jsonb/3.3.0/resteasy-reactive-jsonb-3.3.0.jar:/Users/leydervera/.m2/repository/org/eclipse/yasson/3.0.3/yasson-3.0.3.jar:/Users/leydervera/.m2/repository/jakarta/json/bind/jakarta.json.bind-api/3.0.0/jakarta.json.bind-api-3.0.0.jar:/Users/leydervera/.m2/repository/io/quarkus/quarkus-resteasy-reactive-jsonb-common/3.3.0/quarkus-resteasy-reactive-jsonb-common-3.3.0.jar:/Users/leydervera/.m2/repository/io/quarkus/quarkus-jsonb/3.3.0/quarkus-jsonb-3.3.0.jar:"/>
    <property name="sun.cpu.endian" value="little"/>
    <property name="vertx.disableWebsockets" value="true"/>
    <property name="user.home" value="/Users/leydervera"/>
    <property name="user.language" value="es"/>
    <property name="jboss.log-version" value="false"/>
    <property name="java.specification.vendor" value="Oracle Corporation"/>
    <property name="io.netty.allocator.maxOrder" value="3"/>
    <property name="java.version.date" value="2021-07-20"/>
    <property name="java.home" value="/Library/Java/JavaVirtualMachines/temurin-11.jdk/Contents/Home"/>
    <property name="file.separator" value="/"/>
    <property name="basedir" value="/Users/leydervera/Github/Otros Repos/QuarkusQuickStartReal"/>
    <property name="java.vm.compressedOopsMode" value="Zero based"/>
    <property name="line.separator" value="&#10;"/>
    <property name="java.specification.name" value="Java Platform API Specification"/>
    <property name="java.vm.specification.vendor" value="Oracle Corporation"/>
    <property name="java.awt.graphicsenv" value="sun.awt.CGraphicsEnvironment"/>
    <property name="surefire.real.class.path" value="/Users/leydervera/Github/Otros Repos/QuarkusQuickStartReal/target/surefire/surefirebooter-20230901101826520_3.jar"/>
    <property name="sun.management.compiler" value="HotSpot 64-Bit Tiered Compilers"/>
    <property name="ftp.nonProxyHosts" value="local|*.local|169.254/16|*.169.254/16|lync.com|*.lync.com|teams.microsoft.com|*.teams.microsoft.com|teams.microsoft.com|*.teams.microsoft.com|13.107.64.0/18|*.13.107.64.0/18|52.112.0.0/14|*.52.112.0.0/14|52.120.0.0/14|*.52.120.0.0/14|52.238.119.141/32|*.52.238.119.141/32|52.244.160.207/32|*.52.244.160.207/32|2603:1027::/48|*.2603:1027::/48|2603:1037::/48|*.2603:1037::/48|2603:1047::/48|*.2603:1047::/48|2603:1057::/48|*.2603:1057::/48|2620:1ec:6::/48|*.2620:1ec:6::/48|2620:1ec:40::/42|*.2620:1ec:40::/42"/>
    <property name="java.runtime.version" value="11.0.12+7"/>
    <property name="user.name" value="leydervera"/>
    <property name="path.separator" value=":"/>
    <property name="os.version" value="11.3"/>
    <property name="java.runtime.name" value="OpenJDK Runtime Environment"/>
    <property name="file.encoding" value="UTF-8"/>
    <property name="java.vm.name" value="OpenJDK 64-Bit Server VM"/>
    <property name="java.vendor.version" value="Temurin-11.0.12+7"/>
    <property name="localRepository" value="/Users/leydervera/.m2/repository"/>
    <property name="java.vendor.url.bug" value="https://github.com/adoptium/adoptium-support/issues"/>
    <property name="java.io.tmpdir" value="/var/folders/b7/0n47whp519n_rf1rc5f1sdwm0000gs/T/"/>
    <property name="quarkus.log.file.path" value="target/quarkus.log"/>
    <property name="java.version" value="11.0.12"/>
    <property name="java.util.concurrent.ForkJoinPool.common.threadFactory" value="io.quarkus.bootstrap.forkjoin.QuarkusForkJoinWorkerThreadFactory"/>
    <property name="user.dir" value="/Users/leydervera/Github/Otros Repos/QuarkusQuickStartReal"/>
    <property name="os.arch" value="x86_64"/>
    <property name="java.vm.specification.name" value="Java Virtual Machine Specification"/>
    <property name="vertx.disableDnsResolver" value="true"/>
    <property name="java.awt.printerjob" value="sun.lwawt.macosx.CPrinterJob"/>
    <property name="sun.os.patch.level" value="unknown"/>
    <property name="java.util.logging.manager" value="org.jboss.logmanager.LogManager"/>
    <property name="java.library.path" value="/Users/leydervera/Library/Java/Extensions:/Library/Java/Extensions:/Network/Library/Java/Extensions:/System/Library/Java/Extensions:/usr/lib/java:."/>
    <property name="java.vm.info" value="mixed mode"/>
    <property name="java.vendor" value="Eclipse Foundation"/>
    <property name="vertx.disableTCCL" value="true"/>
    <property name="java.vm.version" value="11.0.12+7"/>
    <property name="sun.io.unicode.encoding" value="UnicodeBig"/>
    <property name="io.netty.machineId" value="f4:6c:ec:9b:67:61:b0:f1"/>
    <property name="java.class.version" value="55.0"/>
    <property name="socksNonProxyHosts" value="local|*.local|169.254/16|*.169.254/16|lync.com|*.lync.com|teams.microsoft.com|*.teams.microsoft.com|teams.microsoft.com|*.teams.microsoft.com|13.107.64.0/18|*.13.107.64.0/18|52.112.0.0/14|*.52.112.0.0/14|52.120.0.0/14|*.52.120.0.0/14|52.238.119.141/32|*.52.238.119.141/32|52.244.160.207/32|*.52.244.160.207/32|2603:1027::/48|*.2603:1027::/48|2603:1037::/48|*.2603:1037::/48|2603:1047::/48|*.2603:1047::/48|2603:1057::/48|*.2603:1057::/48|2620:1ec:6::/48|*.2620:1ec:6::/48|2620:1ec:40::/42|*.2620:1ec:40::/42"/>
  </properties>
  <testcase name="testHelloEndpoint" classname="org.acme.getting.started.ReactiveGreetingResourceTest" time="0.021">
    <error message="java.lang.RuntimeException: Failed to start quarkus" type="java.lang.RuntimeException"><![CDATA[java.lang.RuntimeException: java.lang.RuntimeException: Failed to start quarkus
	at io.quarkus.test.junit.QuarkusTestExtension.throwBootFailureException(QuarkusTestExtension.java:639)
	at io.quarkus.test.junit.QuarkusTestExtension.interceptTestClassConstructor(QuarkusTestExtension.java:711)
	at org.junit.jupiter.engine.execution.InterceptingExecutableInvoker.lambda$invoke$0(InterceptingExecutableInvoker.java:93)
	at org.junit.jupiter.engine.execution.InvocationInterceptorChain$InterceptedInvocation.proceed(InvocationInterceptorChain.java:106)
	at org.junit.jupiter.api.extension.InvocationInterceptor.interceptTestClassConstructor(InvocationInterceptor.java:73)
	at org.junit.jupiter.engine.execution.InterceptingExecutableInvoker.lambda$invoke$0(InterceptingExecutableInvoker.java:93)
	at org.junit.jupiter.engine.execution.InvocationInterceptorChain$InterceptedInvocation.proceed(InvocationInterceptorChain.java:106)
	at org.junit.jupiter.engine.execution.InvocationInterceptorChain.proceed(InvocationInterceptorChain.java:64)
	at org.junit.jupiter.engine.execution.InvocationInterceptorChain.chainAndInvoke(InvocationInterceptorChain.java:45)
	at org.junit.jupiter.engine.execution.InvocationInterceptorChain.invoke(InvocationInterceptorChain.java:37)
	at org.junit.jupiter.engine.execution.InterceptingExecutableInvoker.invoke(InterceptingExecutableInvoker.java:92)
	at org.junit.jupiter.engine.execution.InterceptingExecutableInvoker.invoke(InterceptingExecutableInvoker.java:62)
	at org.junit.jupiter.engine.descriptor.ClassBasedTestDescriptor.invokeTestClassConstructor(ClassBasedTestDescriptor.java:363)
	at org.junit.jupiter.engine.descriptor.ClassBasedTestDescriptor.instantiateTestClass(ClassBasedTestDescriptor.java:310)
	at org.junit.jupiter.engine.descriptor.ClassTestDescriptor.instantiateTestClass(ClassTestDescriptor.java:79)
	at org.junit.jupiter.engine.descriptor.ClassBasedTestDescriptor.instantiateAndPostProcessTestInstance(ClassBasedTestDescriptor.java:286)
	at org.junit.jupiter.engine.descriptor.ClassBasedTestDescriptor.lambda$testInstancesProvider$4(ClassBasedTestDescriptor.java:278)
	at java.base/java.util.Optional.orElseGet(Optional.java:369)
	at org.junit.jupiter.engine.descriptor.ClassBasedTestDescriptor.lambda$testInstancesProvider$5(ClassBasedTestDescriptor.java:277)
	at org.junit.jupiter.engine.execution.TestInstancesProvider.getTestInstances(TestInstancesProvider.java:31)
	at org.junit.jupiter.engine.descriptor.TestMethodTestDescriptor.lambda$prepare$0(TestMethodTestDescriptor.java:105)
	at org.junit.platform.engine.support.hierarchical.ThrowableCollector.execute(ThrowableCollector.java:73)
	at org.junit.jupiter.engine.descriptor.TestMethodTestDescriptor.prepare(TestMethodTestDescriptor.java:104)
	at org.junit.jupiter.engine.descriptor.TestMethodTestDescriptor.prepare(TestMethodTestDescriptor.java:68)
	at org.junit.platform.engine.support.hierarchical.NodeTestTask.lambda$prepare$2(NodeTestTask.java:123)
	at org.junit.platform.engine.support.hierarchical.ThrowableCollector.execute(ThrowableCollector.java:73)
	at org.junit.platform.engine.support.hierarchical.NodeTestTask.prepare(NodeTestTask.java:123)
	at org.junit.platform.engine.support.hierarchical.NodeTestTask.execute(NodeTestTask.java:90)
	at java.base/java.util.ArrayList.forEach(ArrayList.java:1541)
	at org.junit.platform.engine.support.hierarchical.SameThreadHierarchicalTestExecutorService.invokeAll(SameThreadHierarchicalTestExecutorService.java:41)
	at org.junit.platform.engine.support.hierarchical.NodeTestTask.lambda$executeRecursively$6(NodeTestTask.java:155)
	at org.junit.platform.engine.support.hierarchical.ThrowableCollector.execute(ThrowableCollector.java:73)
	at org.junit.platform.engine.support.hierarchical.NodeTestTask.lambda$executeRecursively$8(NodeTestTask.java:141)
	at org.junit.platform.engine.support.hierarchical.Node.around(Node.java:137)
	at org.junit.platform.engine.support.hierarchical.NodeTestTask.lambda$executeRecursively$9(NodeTestTask.java:139)
	at org.junit.platform.engine.support.hierarchical.ThrowableCollector.execute(ThrowableCollector.java:73)
	at org.junit.platform.engine.support.hierarchical.NodeTestTask.executeRecursively(NodeTestTask.java:138)
	at org.junit.platform.engine.support.hierarchical.NodeTestTask.execute(NodeTestTask.java:95)
	at java.base/java.util.ArrayList.forEach(ArrayList.java:1541)
	at org.junit.platform.engine.support.hierarchical.SameThreadHierarchicalTestExecutorService.invokeAll(SameThreadHierarchicalTestExecutorService.java:41)
	at org.junit.platform.engine.support.hierarchical.NodeTestTask.lambda$executeRecursively$6(NodeTestTask.java:155)
	at org.junit.platform.engine.support.hierarchical.ThrowableCollector.execute(ThrowableCollector.java:73)
	at org.junit.platform.engine.support.hierarchical.NodeTestTask.lambda$executeRecursively$8(NodeTestTask.java:141)
	at org.junit.platform.engine.support.hierarchical.Node.around(Node.java:137)
	at org.junit.platform.engine.support.hierarchical.NodeTestTask.lambda$executeRecursively$9(NodeTestTask.java:139)
	at org.junit.platform.engine.support.hierarchical.ThrowableCollector.execute(ThrowableCollector.java:73)
	at org.junit.platform.engine.support.hierarchical.NodeTestTask.executeRecursively(NodeTestTask.java:138)
	at org.junit.platform.engine.support.hierarchical.NodeTestTask.execute(NodeTestTask.java:95)
	at org.junit.platform.engine.support.hierarchical.SameThreadHierarchicalTestExecutorService.submit(SameThreadHierarchicalTestExecutorService.java:35)
	at org.junit.platform.engine.support.hierarchical.HierarchicalTestExecutor.execute(HierarchicalTestExecutor.java:57)
	at org.junit.platform.engine.support.hierarchical.HierarchicalTestEngine.execute(HierarchicalTestEngine.java:54)
	at org.junit.platform.launcher.core.EngineExecutionOrchestrator.execute(EngineExecutionOrchestrator.java:147)
	at org.junit.platform.launcher.core.EngineExecutionOrchestrator.execute(EngineExecutionOrchestrator.java:127)
	at org.junit.platform.launcher.core.EngineExecutionOrchestrator.execute(EngineExecutionOrchestrator.java:90)
	at org.junit.platform.launcher.core.EngineExecutionOrchestrator.lambda$execute$0(EngineExecutionOrchestrator.java:55)
	at org.junit.platform.launcher.core.EngineExecutionOrchestrator.withInterceptedStreams(EngineExecutionOrchestrator.java:102)
	at org.junit.platform.launcher.core.EngineExecutionOrchestrator.execute(EngineExecutionOrchestrator.java:54)
	at org.junit.platform.launcher.core.DefaultLauncher.execute(DefaultLauncher.java:114)
	at org.junit.platform.launcher.core.DefaultLauncher.execute(DefaultLauncher.java:86)
	at org.junit.platform.launcher.core.DefaultLauncherSession$DelegatingLauncher.execute(DefaultLauncherSession.java:86)
	at org.apache.maven.surefire.junitplatform.LazyLauncher.execute(LazyLauncher.java:56)
	at org.apache.maven.surefire.junitplatform.JUnitPlatformProvider.execute(JUnitPlatformProvider.java:184)
	at org.apache.maven.surefire.junitplatform.JUnitPlatformProvider.invokeAllTests(JUnitPlatformProvider.java:148)
	at org.apache.maven.surefire.junitplatform.JUnitPlatformProvider.invoke(JUnitPlatformProvider.java:122)
	at org.apache.maven.surefire.booter.ForkedBooter.runSuitesInProcess(ForkedBooter.java:385)
	at org.apache.maven.surefire.booter.ForkedBooter.execute(ForkedBooter.java:162)
	at org.apache.maven.surefire.booter.ForkedBooter.run(ForkedBooter.java:507)
	at org.apache.maven.surefire.booter.ForkedBooter.main(ForkedBooter.java:495)
Caused by: java.lang.RuntimeException: Failed to start quarkus
	at io.quarkus.runner.ApplicationImpl.doStart(Unknown Source)
	at io.quarkus.runtime.Application.start(Application.java:101)
	at java.base/jdk.internal.reflect.NativeMethodAccessorImpl.invoke0(Native Method)
	at java.base/jdk.internal.reflect.NativeMethodAccessorImpl.invoke(NativeMethodAccessorImpl.java:62)
	at java.base/jdk.internal.reflect.DelegatingMethodAccessorImpl.invoke(DelegatingMethodAccessorImpl.java:43)
	at java.base/java.lang.reflect.Method.invoke(Method.java:566)
	at io.quarkus.runner.bootstrap.StartupActionImpl.run(StartupActionImpl.java:273)
	at io.quarkus.test.junit.QuarkusTestExtension.doJavaStart(QuarkusTestExtension.java:251)
	at io.quarkus.test.junit.QuarkusTestExtension.ensureStarted(QuarkusTestExtension.java:606)
	at io.quarkus.test.junit.QuarkusTestExtension.beforeAll(QuarkusTestExtension.java:655)
	at org.junit.jupiter.engine.descriptor.ClassBasedTestDescriptor.lambda$invokeBeforeAllCallbacks$12(ClassBasedTestDescriptor.java:395)
	at org.junit.platform.engine.support.hierarchical.ThrowableCollector.execute(ThrowableCollector.java:73)
	at org.junit.jupiter.engine.descriptor.ClassBasedTestDescriptor.invokeBeforeAllCallbacks(ClassBasedTestDescriptor.java:395)
	at org.junit.jupiter.engine.descriptor.ClassBasedTestDescriptor.before(ClassBasedTestDescriptor.java:211)
	at org.junit.jupiter.engine.descriptor.ClassBasedTestDescriptor.before(ClassBasedTestDescriptor.java:84)
	at org.junit.platform.engine.support.hierarchical.NodeTestTask.lambda$executeRecursively$6(NodeTestTask.java:148)
	... 37 more
Caused by: java.lang.RuntimeException: Unable to start HTTP server
	at io.quarkus.vertx.http.runtime.VertxHttpRecorder.doServerStart(VertxHttpRecorder.java:850)
	at io.quarkus.vertx.http.runtime.VertxHttpRecorder.startServer(VertxHttpRecorder.java:337)
	at io.quarkus.deployment.steps.VertxHttpProcessor$openSocket189362710.deploy_0(Unknown Source)
	at io.quarkus.deployment.steps.VertxHttpProcessor$openSocket189362710.deploy(Unknown Source)
	... 53 more
Caused by: java.util.concurrent.ExecutionException: io.quarkus.runtime.QuarkusBindException: Port(s) already bound: 8081: Address already in use
	at java.base/java.util.concurrent.CompletableFuture.reportGet(CompletableFuture.java:395)
	at java.base/java.util.concurrent.CompletableFuture.get(CompletableFuture.java:1999)
	at io.quarkus.vertx.http.runtime.VertxHttpRecorder.doServerStart(VertxHttpRecorder.java:771)
	... 56 more
Caused by: io.quarkus.runtime.QuarkusBindException: Port(s) already bound: 8081: Address already in use
	at io.quarkus.vertx.http.runtime.VertxHttpRecorder$11.handle(VertxHttpRecorder.java:745)
	at io.quarkus.vertx.http.runtime.VertxHttpRecorder$11.handle(VertxHttpRecorder.java:726)
	at io.vertx.core.impl.future.FutureImpl$3.onFailure(FutureImpl.java:153)
	at io.vertx.core.impl.future.FutureBase.emitFailure(FutureBase.java:75)
	at io.vertx.core.impl.future.FutureImpl.tryFail(FutureImpl.java:230)
	at io.vertx.core.impl.future.Mapping.onFailure(Mapping.java:45)
	at io.vertx.core.impl.future.FutureBase.emitFailure(FutureBase.java:75)
	at io.vertx.core.impl.future.FutureImpl.tryFail(FutureImpl.java:230)
	at io.vertx.core.impl.future.PromiseImpl.tryFail(PromiseImpl.java:23)
	at io.vertx.core.impl.future.PromiseImpl.onFailure(PromiseImpl.java:54)
	at io.vertx.core.impl.future.PromiseImpl.handle(PromiseImpl.java:43)
	at io.vertx.core.impl.future.PromiseImpl.handle(PromiseImpl.java:23)
	at io.vertx.core.impl.DeploymentManager.lambda$reportResult$2(DeploymentManager.java:135)
	at io.vertx.core.impl.ContextInternal.dispatch(ContextInternal.java:264)
	at io.vertx.core.impl.ContextInternal.dispatch(ContextInternal.java:246)
	at io.vertx.core.impl.EventLoopContext.lambda$runOnContext$0(EventLoopContext.java:43)
	at io.netty.util.concurrent.AbstractEventExecutor.runTask(AbstractEventExecutor.java:174)
	at io.netty.util.concurrent.AbstractEventExecutor.safeExecute(AbstractEventExecutor.java:167)
	at io.netty.util.concurrent.SingleThreadEventExecutor.runAllTasks(SingleThreadEventExecutor.java:470)
	at io.netty.channel.nio.NioEventLoop.run(NioEventLoop.java:569)
	at io.netty.util.concurrent.SingleThreadEventExecutor$4.run(SingleThreadEventExecutor.java:997)
	at io.netty.util.internal.ThreadExecutorMap$2.run(ThreadExecutorMap.java:74)
	at io.netty.util.concurrent.FastThreadLocalRunnable.run(FastThreadLocalRunnable.java:30)
	at java.base/java.lang.Thread.run(Thread.java:829)
]]></error>
  </testcase>
  <testcase name="testGreetingEndpoint" classname="org.acme.getting.started.ReactiveGreetingResourceTest" time="0.0">
    <skipped type="org.opentest4j.TestAbortedException"><![CDATA[org.opentest4j.TestAbortedException: Boot failed
	at io.quarkus.test.junit.QuarkusTestExtension.throwBootFailureException(QuarkusTestExtension.java:641)
	at io.quarkus.test.junit.QuarkusTestExtension.interceptTestClassConstructor(QuarkusTestExtension.java:711)
	at org.junit.jupiter.engine.execution.InterceptingExecutableInvoker.lambda$invoke$0(InterceptingExecutableInvoker.java:93)
	at org.junit.jupiter.engine.execution.InvocationInterceptorChain$InterceptedInvocation.proceed(InvocationInterceptorChain.java:106)
	at org.junit.jupiter.api.extension.InvocationInterceptor.interceptTestClassConstructor(InvocationInterceptor.java:73)
	at org.junit.jupiter.engine.execution.InterceptingExecutableInvoker.lambda$invoke$0(InterceptingExecutableInvoker.java:93)
	at org.junit.jupiter.engine.execution.InvocationInterceptorChain$InterceptedInvocation.proceed(InvocationInterceptorChain.java:106)
	at org.junit.jupiter.engine.execution.InvocationInterceptorChain.proceed(InvocationInterceptorChain.java:64)
	at org.junit.jupiter.engine.execution.InvocationInterceptorChain.chainAndInvoke(InvocationInterceptorChain.java:45)
	at org.junit.jupiter.engine.execution.InvocationInterceptorChain.invoke(InvocationInterceptorChain.java:37)
	at org.junit.jupiter.engine.execution.InterceptingExecutableInvoker.invoke(InterceptingExecutableInvoker.java:92)
	at org.junit.jupiter.engine.execution.InterceptingExecutableInvoker.invoke(InterceptingExecutableInvoker.java:62)
	at org.junit.jupiter.engine.descriptor.ClassBasedTestDescriptor.invokeTestClassConstructor(ClassBasedTestDescriptor.java:363)
	at org.junit.jupiter.engine.descriptor.ClassBasedTestDescriptor.instantiateTestClass(ClassBasedTestDescriptor.java:310)
	at org.junit.jupiter.engine.descriptor.ClassTestDescriptor.instantiateTestClass(ClassTestDescriptor.java:79)
	at org.junit.jupiter.engine.descriptor.ClassBasedTestDescriptor.instantiateAndPostProcessTestInstance(ClassBasedTestDescriptor.java:286)
	at org.junit.jupiter.engine.descriptor.ClassBasedTestDescriptor.lambda$testInstancesProvider$4(ClassBasedTestDescriptor.java:278)
	at java.base/java.util.Optional.orElseGet(Optional.java:369)
	at org.junit.jupiter.engine.descriptor.ClassBasedTestDescriptor.lambda$testInstancesProvider$5(ClassBasedTestDescriptor.java:277)
	at org.junit.jupiter.engine.execution.TestInstancesProvider.getTestInstances(TestInstancesProvider.java:31)
	at org.junit.jupiter.engine.descriptor.TestMethodTestDescriptor.lambda$prepare$0(TestMethodTestDescriptor.java:105)
	at org.junit.platform.engine.support.hierarchical.ThrowableCollector.execute(ThrowableCollector.java:73)
	at org.junit.jupiter.engine.descriptor.TestMethodTestDescriptor.prepare(TestMethodTestDescriptor.java:104)
	at org.junit.jupiter.engine.descriptor.TestMethodTestDescriptor.prepare(TestMethodTestDescriptor.java:68)
	at org.junit.platform.engine.support.hierarchical.NodeTestTask.lambda$prepare$2(NodeTestTask.java:123)
	at org.junit.platform.engine.support.hierarchical.ThrowableCollector.execute(ThrowableCollector.java:73)
	at org.junit.platform.engine.support.hierarchical.NodeTestTask.prepare(NodeTestTask.java:123)
	at org.junit.platform.engine.support.hierarchical.NodeTestTask.execute(NodeTestTask.java:90)
	at java.base/java.util.ArrayList.forEach(ArrayList.java:1541)
	at org.junit.platform.engine.support.hierarchical.SameThreadHierarchicalTestExecutorService.invokeAll(SameThreadHierarchicalTestExecutorService.java:41)
	at org.junit.platform.engine.support.hierarchical.NodeTestTask.lambda$executeRecursively$6(NodeTestTask.java:155)
	at org.junit.platform.engine.support.hierarchical.ThrowableCollector.execute(ThrowableCollector.java:73)
	at org.junit.platform.engine.support.hierarchical.NodeTestTask.lambda$executeRecursively$8(NodeTestTask.java:141)
	at org.junit.platform.engine.support.hierarchical.Node.around(Node.java:137)
	at org.junit.platform.engine.support.hierarchical.NodeTestTask.lambda$executeRecursively$9(NodeTestTask.java:139)
	at org.junit.platform.engine.support.hierarchical.ThrowableCollector.execute(ThrowableCollector.java:73)
	at org.junit.platform.engine.support.hierarchical.NodeTestTask.executeRecursively(NodeTestTask.java:138)
	at org.junit.platform.engine.support.hierarchical.NodeTestTask.execute(NodeTestTask.java:95)
	at java.base/java.util.ArrayList.forEach(ArrayList.java:1541)
	at org.junit.platform.engine.support.hierarchical.SameThreadHierarchicalTestExecutorService.invokeAll(SameThreadHierarchicalTestExecutorService.java:41)
	at org.junit.platform.engine.support.hierarchical.NodeTestTask.lambda$executeRecursively$6(NodeTestTask.java:155)
	at org.junit.platform.engine.support.hierarchical.ThrowableCollector.execute(ThrowableCollector.java:73)
	at org.junit.platform.engine.support.hierarchical.NodeTestTask.lambda$executeRecursively$8(NodeTestTask.java:141)
	at org.junit.platform.engine.support.hierarchical.Node.around(Node.java:137)
	at org.junit.platform.engine.support.hierarchical.NodeTestTask.lambda$executeRecursively$9(NodeTestTask.java:139)
	at org.junit.platform.engine.support.hierarchical.ThrowableCollector.execute(ThrowableCollector.java:73)
	at org.junit.platform.engine.support.hierarchical.NodeTestTask.executeRecursively(NodeTestTask.java:138)
	at org.junit.platform.engine.support.hierarchical.NodeTestTask.execute(NodeTestTask.java:95)
	at org.junit.platform.engine.support.hierarchical.SameThreadHierarchicalTestExecutorService.submit(SameThreadHierarchicalTestExecutorService.java:35)
	at org.junit.platform.engine.support.hierarchical.HierarchicalTestExecutor.execute(HierarchicalTestExecutor.java:57)
	at org.junit.platform.engine.support.hierarchical.HierarchicalTestEngine.execute(HierarchicalTestEngine.java:54)
	at org.junit.platform.launcher.core.EngineExecutionOrchestrator.execute(EngineExecutionOrchestrator.java:147)
	at org.junit.platform.launcher.core.EngineExecutionOrchestrator.execute(EngineExecutionOrchestrator.java:127)
	at org.junit.platform.launcher.core.EngineExecutionOrchestrator.execute(EngineExecutionOrchestrator.java:90)
	at org.junit.platform.launcher.core.EngineExecutionOrchestrator.lambda$execute$0(EngineExecutionOrchestrator.java:55)
	at org.junit.platform.launcher.core.EngineExecutionOrchestrator.withInterceptedStreams(EngineExecutionOrchestrator.java:102)
	at org.junit.platform.launcher.core.EngineExecutionOrchestrator.execute(EngineExecutionOrchestrator.java:54)
	at org.junit.platform.launcher.core.DefaultLauncher.execute(DefaultLauncher.java:114)
	at org.junit.platform.launcher.core.DefaultLauncher.execute(DefaultLauncher.java:86)
	at org.junit.platform.launcher.core.DefaultLauncherSession$DelegatingLauncher.execute(DefaultLauncherSession.java:86)
	at org.apache.maven.surefire.junitplatform.LazyLauncher.execute(LazyLauncher.java:56)
	at org.apache.maven.surefire.junitplatform.JUnitPlatformProvider.execute(JUnitPlatformProvider.java:184)
	at org.apache.maven.surefire.junitplatform.JUnitPlatformProvider.invokeAllTests(JUnitPlatformProvider.java:148)
	at org.apache.maven.surefire.junitplatform.JUnitPlatformProvider.invoke(JUnitPlatformProvider.java:122)
	at org.apache.maven.surefire.booter.ForkedBooter.runSuitesInProcess(ForkedBooter.java:385)
	at org.apache.maven.surefire.booter.ForkedBooter.execute(ForkedBooter.java:162)
	at org.apache.maven.surefire.booter.ForkedBooter.run(ForkedBooter.java:507)
	at org.apache.maven.surefire.booter.ForkedBooter.main(ForkedBooter.java:495)
]]></skipped>
  </testcase>
  <testcase name="testGreetingsEndpoint" classname="org.acme.getting.started.ReactiveGreetingResourceTest" time="0.0">
    <skipped type="org.opentest4j.TestAbortedException"><![CDATA[org.opentest4j.TestAbortedException: Boot failed
	at io.quarkus.test.junit.QuarkusTestExtension.throwBootFailureException(QuarkusTestExtension.java:641)
	at io.quarkus.test.junit.QuarkusTestExtension.interceptTestClassConstructor(QuarkusTestExtension.java:711)
	at org.junit.jupiter.engine.execution.InterceptingExecutableInvoker.lambda$invoke$0(InterceptingExecutableInvoker.java:93)
	at org.junit.jupiter.engine.execution.InvocationInterceptorChain$InterceptedInvocation.proceed(InvocationInterceptorChain.java:106)
	at org.junit.jupiter.api.extension.InvocationInterceptor.interceptTestClassConstructor(InvocationInterceptor.java:73)
	at org.junit.jupiter.engine.execution.InterceptingExecutableInvoker.lambda$invoke$0(InterceptingExecutableInvoker.java:93)
	at org.junit.jupiter.engine.execution.InvocationInterceptorChain$InterceptedInvocation.proceed(InvocationInterceptorChain.java:106)
	at org.junit.jupiter.engine.execution.InvocationInterceptorChain.proceed(InvocationInterceptorChain.java:64)
	at org.junit.jupiter.engine.execution.InvocationInterceptorChain.chainAndInvoke(InvocationInterceptorChain.java:45)
	at org.junit.jupiter.engine.execution.InvocationInterceptorChain.invoke(InvocationInterceptorChain.java:37)
	at org.junit.jupiter.engine.execution.InterceptingExecutableInvoker.invoke(InterceptingExecutableInvoker.java:92)
	at org.junit.jupiter.engine.execution.InterceptingExecutableInvoker.invoke(InterceptingExecutableInvoker.java:62)
	at org.junit.jupiter.engine.descriptor.ClassBasedTestDescriptor.invokeTestClassConstructor(ClassBasedTestDescriptor.java:363)
	at org.junit.jupiter.engine.descriptor.ClassBasedTestDescriptor.instantiateTestClass(ClassBasedTestDescriptor.java:310)
	at org.junit.jupiter.engine.descriptor.ClassTestDescriptor.instantiateTestClass(ClassTestDescriptor.java:79)
	at org.junit.jupiter.engine.descriptor.ClassBasedTestDescriptor.instantiateAndPostProcessTestInstance(ClassBasedTestDescriptor.java:286)
	at org.junit.jupiter.engine.descriptor.ClassBasedTestDescriptor.lambda$testInstancesProvider$4(ClassBasedTestDescriptor.java:278)
	at java.base/java.util.Optional.orElseGet(Optional.java:369)
	at org.junit.jupiter.engine.descriptor.ClassBasedTestDescriptor.lambda$testInstancesProvider$5(ClassBasedTestDescriptor.java:277)
	at org.junit.jupiter.engine.execution.TestInstancesProvider.getTestInstances(TestInstancesProvider.java:31)
	at org.junit.jupiter.engine.descriptor.TestMethodTestDescriptor.lambda$prepare$0(TestMethodTestDescriptor.java:105)
	at org.junit.platform.engine.support.hierarchical.ThrowableCollector.execute(ThrowableCollector.java:73)
	at org.junit.jupiter.engine.descriptor.TestMethodTestDescriptor.prepare(TestMethodTestDescriptor.java:104)
	at org.junit.jupiter.engine.descriptor.TestMethodTestDescriptor.prepare(TestMethodTestDescriptor.java:68)
	at org.junit.platform.engine.support.hierarchical.NodeTestTask.lambda$prepare$2(NodeTestTask.java:123)
	at org.junit.platform.engine.support.hierarchical.ThrowableCollector.execute(ThrowableCollector.java:73)
	at org.junit.platform.engine.support.hierarchical.NodeTestTask.prepare(NodeTestTask.java:123)
	at org.junit.platform.engine.support.hierarchical.NodeTestTask.execute(NodeTestTask.java:90)
	at java.base/java.util.ArrayList.forEach(ArrayList.java:1541)
	at org.junit.platform.engine.support.hierarchical.SameThreadHierarchicalTestExecutorService.invokeAll(SameThreadHierarchicalTestExecutorService.java:41)
	at org.junit.platform.engine.support.hierarchical.NodeTestTask.lambda$executeRecursively$6(NodeTestTask.java:155)
	at org.junit.platform.engine.support.hierarchical.ThrowableCollector.execute(ThrowableCollector.java:73)
	at org.junit.platform.engine.support.hierarchical.NodeTestTask.lambda$executeRecursively$8(NodeTestTask.java:141)
	at org.junit.platform.engine.support.hierarchical.Node.around(Node.java:137)
	at org.junit.platform.engine.support.hierarchical.NodeTestTask.lambda$executeRecursively$9(NodeTestTask.java:139)
	at org.junit.platform.engine.support.hierarchical.ThrowableCollector.execute(ThrowableCollector.java:73)
	at org.junit.platform.engine.support.hierarchical.NodeTestTask.executeRecursively(NodeTestTask.java:138)
	at org.junit.platform.engine.support.hierarchical.NodeTestTask.execute(NodeTestTask.java:95)
	at java.base/java.util.ArrayList.forEach(ArrayList.java:1541)
	at org.junit.platform.engine.support.hierarchical.SameThreadHierarchicalTestExecutorService.invokeAll(SameThreadHierarchicalTestExecutorService.java:41)
	at org.junit.platform.engine.support.hierarchical.NodeTestTask.lambda$executeRecursively$6(NodeTestTask.java:155)
	at org.junit.platform.engine.support.hierarchical.ThrowableCollector.execute(ThrowableCollector.java:73)
	at org.junit.platform.engine.support.hierarchical.NodeTestTask.lambda$executeRecursively$8(NodeTestTask.java:141)
	at org.junit.platform.engine.support.hierarchical.Node.around(Node.java:137)
	at org.junit.platform.engine.support.hierarchical.NodeTestTask.lambda$executeRecursively$9(NodeTestTask.java:139)
	at org.junit.platform.engine.support.hierarchical.ThrowableCollector.execute(ThrowableCollector.java:73)
	at org.junit.platform.engine.support.hierarchical.NodeTestTask.executeRecursively(NodeTestTask.java:138)
	at org.junit.platform.engine.support.hierarchical.NodeTestTask.execute(NodeTestTask.java:95)
	at org.junit.platform.engine.support.hierarchical.SameThreadHierarchicalTestExecutorService.submit(SameThreadHierarchicalTestExecutorService.java:35)
	at org.junit.platform.engine.support.hierarchical.HierarchicalTestExecutor.execute(HierarchicalTestExecutor.java:57)
	at org.junit.platform.engine.support.hierarchical.HierarchicalTestEngine.execute(HierarchicalTestEngine.java:54)
	at org.junit.platform.launcher.core.EngineExecutionOrchestrator.execute(EngineExecutionOrchestrator.java:147)
	at org.junit.platform.launcher.core.EngineExecutionOrchestrator.execute(EngineExecutionOrchestrator.java:127)
	at org.junit.platform.launcher.core.EngineExecutionOrchestrator.execute(EngineExecutionOrchestrator.java:90)
	at org.junit.platform.launcher.core.EngineExecutionOrchestrator.lambda$execute$0(EngineExecutionOrchestrator.java:55)
	at org.junit.platform.launcher.core.EngineExecutionOrchestrator.withInterceptedStreams(EngineExecutionOrchestrator.java:102)
	at org.junit.platform.launcher.core.EngineExecutionOrchestrator.execute(EngineExecutionOrchestrator.java:54)
	at org.junit.platform.launcher.core.DefaultLauncher.execute(DefaultLauncher.java:114)
	at org.junit.platform.launcher.core.DefaultLauncher.execute(DefaultLauncher.java:86)
	at org.junit.platform.launcher.core.DefaultLauncherSession$DelegatingLauncher.execute(DefaultLauncherSession.java:86)
	at org.apache.maven.surefire.junitplatform.LazyLauncher.execute(LazyLauncher.java:56)
	at org.apache.maven.surefire.junitplatform.JUnitPlatformProvider.execute(JUnitPlatformProvider.java:184)
	at org.apache.maven.surefire.junitplatform.JUnitPlatformProvider.invokeAllTests(JUnitPlatformProvider.java:148)
	at org.apache.maven.surefire.junitplatform.JUnitPlatformProvider.invoke(JUnitPlatformProvider.java:122)
	at org.apache.maven.surefire.booter.ForkedBooter.runSuitesInProcess(ForkedBooter.java:385)
	at org.apache.maven.surefire.booter.ForkedBooter.execute(ForkedBooter.java:162)
	at org.apache.maven.surefire.booter.ForkedBooter.run(ForkedBooter.java:507)
	at org.apache.maven.surefire.booter.ForkedBooter.main(ForkedBooter.java:495)
]]></skipped>
  </testcase>
</testsuite>